[INFO] 04:28:03:348 client/(102438:102438): test
[INFO] 04:28:55:346 client/(102489:102489): hello 
[INFO] 04:28:57:346 client/(102489:102489): aaa
[INFO] 04:29:00:875 client/(102489:102489): mmmm nice
[INFO] 04:29:03:210 client/(102489:102489): it works
[INFO] 04:29:07:243 client/(102489:102489): Testing
[INFO] 04:29:12:555 client/(102489:102489): what about this
[INFO] 20:43:34:697 client/(2110:2110): hola
[INFO] 20:43:36:242 client/(2110:2110): 
[INFO] 20:44:35:621 client/(2157:2157): hola
[INFO] 20:44:37:054 client/(2157:2157): buenas
[INFO] 20:44:37:766 client/(2157:2157): 
[INFO] 20:47:06:278 client/(2242:2242): 
[INFO] 21:25:07:965 client/(2454:2454): Òc^¯U
[INFO] 21:25:11:352 client/(2454:2454): test
[INFO] 21:26:26:116 client/(2567:2567): test
[INFO] 21:26:42:983 client/(2588:2588):  
[INFO] 21:26:45:240 client/(2588:2588):  
[INFO] 21:26:50:078 client/(2588:2588): testing the terminal
[INFO] 21:26:51:662 client/(2588:2588): hello
[INFO] 21:26:52:780 client/(2588:2588): 123
[INFO] 17:40:20:246 client/(2138:2138): aaa
[INFO] 17:45:30:141 client/(2292:2292): hola
[INFO] 17:45:33:415 client/(2292:2292): banana
